<?xml version="1.0" encoding="UTF-8"?>
<!-- Generated by org.testng.reporters.JUnitXMLReporter -->
<testsuite hostname="Ranjan-PC" name="Test" tests="1" failures="1" timestamp="25 Feb 2017 19:40:23 GMT" time="18.499" errors="0">
  <testcase name="TestVerifyLoginPage" time="10.53" classname="Script.VerifyLoginPage">
    <failure type="java.lang.AssertionError" message="null">
      <![CDATA[java.lang.AssertionError: null
	at Generic.BasePage.verifyTitle(BasePage.java:32)
	at Script.VerifyLoginPage.TestVerifyLoginPage(VerifyLoginPage.java:14)
... Removed 27 stack frames]]>
    </failure>
  </testcase> <!-- TestVerifyLoginPage -->
</testsuite> <!-- Test -->
