<?xml version="1.0" encoding="UTF-8"?>
<testng-results skipped="0" failed="1" total="1" passed="0">
  <reporter-output>
  </reporter-output>
  <suite name="Default suite" duration-ms="5854" started-at="2017-03-01T18:56:55Z" finished-at="2017-03-01T18:57:01Z">
    <groups>
    </groups>
    <test name="Default test" duration-ms="5854" started-at="2017-03-01T18:56:55Z" finished-at="2017-03-01T18:57:01Z">
      <class name="Script.verifyloginlogout">
        <test-method status="PASS" signature="precondition()[pri:0, instance:Script.verifyloginlogout@402f32ff]" name="precondition" is-config="true" duration-ms="2949" started-at="2017-03-02T00:26:55Z" finished-at="2017-03-02T00:26:58Z">
          <reporter-output>
          </reporter-output>
        </test-method> <!-- precondition -->
        <test-method status="FAIL" signature="testverifyloginlogout()[pri:0, instance:Script.verifyloginlogout@402f32ff]" name="testverifyloginlogout" duration-ms="519" started-at="2017-03-02T00:26:58Z" finished-at="2017-03-02T00:26:59Z">
          <exception class="org.openqa.selenium.WebDriverException">
            <message>
              <![CDATA[unknown error: Element <a id="loginButton" class="initial" href="javascript:void(0)" onclick="login(document.forms[0]); return false;">...</a> is not clickable at point (658, 432). Other element would receive the click: <div style="position: relative; display: block; height: auto; width: auto; padding: 35px 10px 11px; margin: 0px; text-align: left; border: 1px solid rgb(178, 178, 178); border-radius: 5px; background: url(&quot;http://gc.kis.scr.kaspersky-labs.com/8EB482CB1B9F-B03A-B41E-09EE-B3984EFA/vk/VkTooltipBanner.png&quot;) 10px 9px no-repeat rgb(255, 255, 255); z-index: 2147483646;">...</div>
  (Session info: chrome=56.0.2924.87)
  (Driver info: chromedriver=2.27.440174 (e97a722caafc2d3a8b807ee115bfb307f7d2cfd9),platform=Windows NT 6.1.7601 SP1 x86_64) (WARNING: The server did not provide any stacktrace information)
Command duration or timeout: 194 milliseconds
Build info: version: '3.0.1', revision: '1969d75', time: '2016-10-18 09:48:19 -0700'
System info: host: 'Ranjan-PC', ip: '192.168.0.180', os.name: 'Windows 7', os.arch: 'amd64', os.version: '6.1', java.version: '1.8.0_45'
Driver info: org.openqa.selenium.chrome.ChromeDriver
Capabilities [{applicationCacheEnabled=false, rotatable=false, mobileEmulationEnabled=false, networkConnectionEnabled=false, chrome={chromedriverVersion=2.27.440174 (e97a722caafc2d3a8b807ee115bfb307f7d2cfd9), userDataDir=C:\Users\Ranjan\AppData\Local\Temp\scoped_dir3576_8395}, takesHeapSnapshot=true, pageLoadStrategy=normal, databaseEnabled=false, handlesAlerts=true, hasTouchScreen=false, version=56.0.2924.87, platform=XP, browserConnectionEnabled=false, nativeEvents=true, acceptSslCerts=true, locationContextEnabled=true, webStorageEnabled=true, browserName=chrome, takesScreenshot=true, javascriptEnabled=true, cssSelectorsEnabled=true, unexpectedAlertBehaviour=}]
Session ID: d0aa5db1afef41da9170dd9938828c2c]]>
            </message>
            <full-stacktrace>
              <![CDATA[org.openqa.selenium.WebDriverException: unknown error: Element <a id="loginButton" class="initial" href="javascript:void(0)" onclick="login(document.forms[0]); return false;">...</a> is not clickable at point (658, 432). Other element would receive the click: <div style="position: relative; display: block; height: auto; width: auto; padding: 35px 10px 11px; margin: 0px; text-align: left; border: 1px solid rgb(178, 178, 178); border-radius: 5px; background: url(&quot;http://gc.kis.scr.kaspersky-labs.com/8EB482CB1B9F-B03A-B41E-09EE-B3984EFA/vk/VkTooltipBanner.png&quot;) 10px 9px no-repeat rgb(255, 255, 255); z-index: 2147483646;">...</div>
  (Session info: chrome=56.0.2924.87)
  (Driver info: chromedriver=2.27.440174 (e97a722caafc2d3a8b807ee115bfb307f7d2cfd9),platform=Windows NT 6.1.7601 SP1 x86_64) (WARNING: The server did not provide any stacktrace information)
Command duration or timeout: 194 milliseconds
Build info: version: '3.0.1', revision: '1969d75', time: '2016-10-18 09:48:19 -0700'
System info: host: 'Ranjan-PC', ip: '192.168.0.180', os.name: 'Windows 7', os.arch: 'amd64', os.version: '6.1', java.version: '1.8.0_45'
Driver info: org.openqa.selenium.chrome.ChromeDriver
Capabilities [{applicationCacheEnabled=false, rotatable=false, mobileEmulationEnabled=false, networkConnectionEnabled=false, chrome={chromedriverVersion=2.27.440174 (e97a722caafc2d3a8b807ee115bfb307f7d2cfd9), userDataDir=C:\Users\Ranjan\AppData\Local\Temp\scoped_dir3576_8395}, takesHeapSnapshot=true, pageLoadStrategy=normal, databaseEnabled=false, handlesAlerts=true, hasTouchScreen=false, version=56.0.2924.87, platform=XP, browserConnectionEnabled=false, nativeEvents=true, acceptSslCerts=true, locationContextEnabled=true, webStorageEnabled=true, browserName=chrome, takesScreenshot=true, javascriptEnabled=true, cssSelectorsEnabled=true, unexpectedAlertBehaviour=}]
Session ID: d0aa5db1afef41da9170dd9938828c2c
	at sun.reflect.NativeConstructorAccessorImpl.newInstance0(Native Method)
	at sun.reflect.NativeConstructorAccessorImpl.newInstance(Unknown Source)
	at sun.reflect.DelegatingConstructorAccessorImpl.newInstance(Unknown Source)
	at java.lang.reflect.Constructor.newInstance(Unknown Source)
	at org.openqa.selenium.remote.ErrorHandler.createThrowable(ErrorHandler.java:216)
	at org.openqa.selenium.remote.ErrorHandler.throwIfResponseFailed(ErrorHandler.java:168)
	at org.openqa.selenium.remote.RemoteWebDriver.execute(RemoteWebDriver.java:635)
	at org.openqa.selenium.remote.RemoteWebElement.execute(RemoteWebElement.java:274)
	at org.openqa.selenium.remote.RemoteWebElement.click(RemoteWebElement.java:84)
	at sun.reflect.NativeMethodAccessorImpl.invoke0(Native Method)
	at sun.reflect.NativeMethodAccessorImpl.invoke(Unknown Source)
	at sun.reflect.DelegatingMethodAccessorImpl.invoke(Unknown Source)
	at java.lang.reflect.Method.invoke(Unknown Source)
	at org.openqa.selenium.support.pagefactory.internal.LocatingElementHandler.invoke(LocatingElementHandler.java:51)
	at com.sun.proxy.$Proxy7.click(Unknown Source)
	at POM.LoginPage.clickLogin(LoginPage.java:54)
	at Script.verifyloginlogout.testverifyloginlogout(verifyloginlogout.java:23)
	at sun.reflect.NativeMethodAccessorImpl.invoke0(Native Method)
	at sun.reflect.NativeMethodAccessorImpl.invoke(Unknown Source)
	at sun.reflect.DelegatingMethodAccessorImpl.invoke(Unknown Source)
	at java.lang.reflect.Method.invoke(Unknown Source)
	at org.testng.internal.MethodInvocationHelper.invokeMethod(MethodInvocationHelper.java:100)
	at org.testng.internal.Invoker.invokeMethod(Invoker.java:646)
	at org.testng.internal.Invoker.invokeTestMethod(Invoker.java:811)
	at org.testng.internal.Invoker.invokeTestMethods(Invoker.java:1129)
	at org.testng.internal.TestMethodWorker.invokeTestMethods(TestMethodWorker.java:129)
	at org.testng.internal.TestMethodWorker.run(TestMethodWorker.java:112)
	at org.testng.TestRunner.privateRun(TestRunner.java:746)
	at org.testng.TestRunner.run(TestRunner.java:600)
	at org.testng.SuiteRunner.runTest(SuiteRunner.java:366)
	at org.testng.SuiteRunner.runSequentially(SuiteRunner.java:361)
	at org.testng.SuiteRunner.privateRun(SuiteRunner.java:319)
	at org.testng.SuiteRunner.run(SuiteRunner.java:268)
	at org.testng.SuiteRunnerWorker.runSuite(SuiteRunnerWorker.java:52)
	at org.testng.SuiteRunnerWorker.run(SuiteRunnerWorker.java:86)
	at org.testng.TestNG.runSuitesSequentially(TestNG.java:1264)
	at org.testng.TestNG.runSuitesLocally(TestNG.java:1189)
	at org.testng.TestNG.runSuites(TestNG.java:1104)
	at org.testng.TestNG.run(TestNG.java:1076)
	at org.testng.remote.AbstractRemoteTestNG.run(AbstractRemoteTestNG.java:126)
	at org.testng.remote.RemoteTestNG.initAndRun(RemoteTestNG.java:152)
	at org.testng.remote.RemoteTestNG.main(RemoteTestNG.java:57)
]]>
            </full-stacktrace>
          </exception> <!-- org.openqa.selenium.WebDriverException -->
          <reporter-output>
          </reporter-output>
        </test-method> <!-- testverifyloginlogout -->
        <test-method status="PASS" signature="postcondition()[pri:0, instance:Script.verifyloginlogout@402f32ff]" name="postcondition" is-config="true" duration-ms="2342" started-at="2017-03-02T00:26:59Z" finished-at="2017-03-02T00:27:01Z">
          <reporter-output>
          </reporter-output>
        </test-method> <!-- postcondition -->
      </class> <!-- Script.verifyloginlogout -->
    </test> <!-- Default test -->
  </suite> <!-- Default suite -->
</testng-results>
